<?xml version="1.0" encoding="UTF-8"?>
<testng-results ignored="0" total="1" passed="1" failed="0" skipped="0">
  <reporter-output>
  </reporter-output>
  <suite started-at="2021-02-17T16:56:00Z" name="Default suite" finished-at="2021-02-17T16:56:15Z" duration-ms="14961">
    <groups>
    </groups>
    <test started-at="2021-02-17T16:56:00Z" name="Default test" finished-at="2021-02-17T16:56:15Z" duration-ms="14961">
      <class name="location">
        <test-method signature="chooseLocation()[pri:0, instance:location@70e9c95d]" started-at="2021-02-17T16:56:00Z" name="chooseLocation" finished-at="2021-02-17T16:56:15Z" duration-ms="14946" status="PASS">
          <reporter-output>
          </reporter-output>
        </test-method> <!-- chooseLocation -->
      </class> <!-- location -->
    </test> <!-- Default test -->
  </suite> <!-- Default suite -->
</testng-results>
