<?xml version="1.0" encoding="UTF-8"?>
<testng-results ignored="0" total="1" passed="1" failed="0" skipped="0">
  <reporter-output>
  </reporter-output>
  <suite started-at="2021-02-20T14:05:48Z" name="Default suite" finished-at="2021-02-20T14:05:58Z" duration-ms="9650">
    <groups>
    </groups>
    <test started-at="2021-02-20T14:05:48Z" name="Default test" finished-at="2021-02-20T14:05:58Z" duration-ms="9650">
      <class name="location">
        <test-method signature="chooseLocation()[pri:0, instance:location@7fb95505]" started-at="2021-02-20T14:05:48Z" name="chooseLocation" finished-at="2021-02-20T14:05:58Z" duration-ms="9635" status="PASS">
          <reporter-output>
          </reporter-output>
        </test-method> <!-- chooseLocation -->
      </class> <!-- location -->
    </test> <!-- Default test -->
  </suite> <!-- Default suite -->
</testng-results>
